2025-11-10T11:59:37.3946262Z IN  : uci
2025-11-10T11:59:50.1967258Z IN  : uci
2025-11-10T12:00:34.9308679Z IN  : uci
2025-11-10T12:00:34.9444800Z IN  : position fen rnbqkbnr/pppppppp/8/8/8/8/PPPPPPPP/RNBQKBNR w KQkq - 0 1 moves e2e4
2025-11-10T12:00:34.9471673Z IN  : go wtime 56800 btime 62000 winc 2000 binc 2000
2025-11-10T12:00:34.9521366Z OUT : info depth 1 seldepth 1 score cp 0 nodes 1 pv e7e5
2025-11-10T12:00:35.0112945Z OUT : bestmove e7e5
2025-11-10T12:00:43.3157514Z IN  : uci
2025-11-10T12:00:43.3272704Z IN  : position fen rnbqkbnr/pppppppp/8/8/8/8/PPPPPPPP/RNBQKBNR w KQkq - 0 1 moves e2e4 e7e5
2025-11-10T12:00:43.3299120Z IN  : go infinite
2025-11-10T12:00:43.3344979Z OUT : info depth 1 seldepth 1 score cp 0 nodes 1 pv e2e4
2025-11-10T12:00:43.3962079Z OUT : bestmove e2e4
2025-11-10T12:04:56.1271535Z IN  : quit
2025-11-10T12:06:24.2631027Z IN  : uci
2025-11-10T12:06:24.2730321Z IN  : isready
2025-11-10T12:06:24.2736520Z IN  : position fen rnbqkbnr/pppppppp/8/8/8/8/PPPPPPPP/RNBQKBNR w KQkq - 0 1 moves e2e4
2025-11-10T12:06:24.2772239Z IN  : go wtime 178300 btime 182000 winc 2000 binc 2000
2025-11-10T12:06:24.2828266Z OUT : info depth 1 seldepth 1 score cp 0 nodes 1 pv e7e5
2025-11-10T12:06:24.3430979Z OUT : bestmove e7e5
2025-11-10T12:06:38.4251938Z IN  : uci
2025-11-10T12:06:38.4413515Z IN  : position fen rnbqkbnr/pppppppp/8/8/8/8/PPPPPPPP/RNBQKBNR w KQkq - 0 1 moves e2e4 e7e5
2025-11-10T12:06:38.4447881Z IN  : go infinite
2025-11-10T12:06:38.4509398Z OUT : info depth 1 seldepth 1 score cp 0 nodes 1 pv e2e4
2025-11-10T12:06:38.5049669Z OUT : bestmove e2e4
2025-11-10T12:06:51.5818808Z IN  : stop
2025-11-10T12:06:51.6374466Z IN  : position fen rnbqkbnr/pppppppp/8/8/8/8/PPPPPPPP/RNBQKBNR w KQkq - 0 1 moves e2e4 e7e5 d2d3
2025-11-10T12:06:51.6378362Z IN  : go infinite
2025-11-10T12:06:51.6381340Z OUT : info depth 1 seldepth 1 score cp 0 nodes 1 pv e7e5
2025-11-10T12:06:51.6996914Z OUT : bestmove e7e5
